<?xml version="1.0" encoding="UTF-8"?>
<!-- Generated by org.testng.reporters.JUnitXMLReporter -->
<testsuite ignored="0" hostname="DESKTOP-TCC86SQ" failures="0" tests="4" name="Default test" time="71.34" errors="0" timestamp="2024-04-20T15:44:26 TRT">
  <testcase classname="amazonPackage.AmazonTestCases" name="addRandomGift" time="54.764"/>
  <testcase classname="amazonPackage.AmazonTestCases" name="addRandomAmount" time="3.219"/>
  <testcase classname="amazonPackage.AmazonTestCases" name="amountAssertion" time="0.071"/>
  <testcase classname="amazonPackage.AmazonTestCases" name="fullInfo" time="7.041"/>
</testsuite> <!-- Default test -->
